gplink-1.3.0 #1017 (Aug  6 2014)
Copyright (c) 1998-2014 gputils project
Listing File Generated: 8-15-2014  15:14:12
 
 
Address  Value    Disassembly              Source
-------  -----    -----------              ------
                                           ;--------------------------------------------------------
                                           ; File Created by SDCC : free open source ANSI-C Compiler
                                           ; Version 3.4.0 #8981 (Aug  6 2014) (Linux)
                                           ; This file was generated Fri Aug 15 15:14:11 2014
                                           ;--------------------------------------------------------
                                           ; PIC port for the 14-bit core
                                           ;--------------------------------------------------------
                                           ;	.file	"main.c"
                                           	list	p=16f88
                                           	radix dec
                                           	include "p16f88.inc"
                                                   LIST
                                           
                                           ;==========================================================================
                                           ;  MPASM PIC16F88 processor include
                                           ; 
                                           ;  (c) Copyright 1999-2014 Microchip Technology, All rights reserved
                                           ;==========================================================================
                                           
                                                   NOLIST
                                           ;--------------------------------------------------------
                                           ; external declarations
                                           ;--------------------------------------------------------
                                           	extern	_STATUSbits
                                           	extern	_PORTAbits
                                           	extern	_PORTBbits
                                           	extern	_INTCONbits
                                           	extern	_PIR1bits
                                           	extern	_PIR2bits
                                           	extern	_T1CONbits
                                           	extern	_T2CONbits
                                           	extern	_SSPCONbits
                                           	extern	_CCP1CONbits
                                           	extern	_RCSTAbits
                                           	extern	_ADCON0bits
                                           	extern	_OPTION_REGbits
                                           	extern	_TRISAbits
                                           	extern	_TRISBbits
                                           	extern	_PIE1bits
                                           	extern	_PIE2bits
                                           	extern	_PCONbits
                                           	extern	_OSCCONbits
                                           	extern	_OSCTUNEbits
                                           	extern	_SSPSTATbits
                                           	extern	_TXSTAbits
                                           	extern	_ANSELbits
                                           	extern	_CMCONbits
                                           	extern	_CVRCONbits
                                           	extern	_ADCON1bits
                                           	extern	_WDTCONbits
                                           	extern	_EECON1bits
                                           	extern	_INDF
                                           	extern	_TMR0
                                           	extern	_PCL
                                           	extern	_STATUS
                                           	extern	_FSR
                                           	extern	_PORTA
                                           	extern	_PORTB
                                           	extern	_PCLATH
                                           	extern	_INTCON
                                           	extern	_PIR1
                                           	extern	_PIR2
                                           	extern	_TMR1
                                           	extern	_TMR1L
                                           	extern	_TMR1H
                                           	extern	_T1CON
                                           	extern	_TMR2
                                           	extern	_T2CON
                                           	extern	_SSPBUF
                                           	extern	_SSPCON
                                           	extern	_CCPR1
                                           	extern	_CCPR1L
                                           	extern	_CCPR1H
                                           	extern	_CCP1CON
                                           	extern	_RCSTA
                                           	extern	_TXREG
                                           	extern	_RCREG
                                           	extern	_ADRESH
                                           	extern	_ADCON0
                                           	extern	_OPTION_REG
                                           	extern	_TRISA
                                           	extern	_TRISB
                                           	extern	_PIE1
                                           	extern	_PIE2
                                           	extern	_PCON
                                           	extern	_OSCCON
                                           	extern	_OSCTUNE
                                           	extern	_PR2
                                           	extern	_SSPADD
                                           	extern	_SSPSTAT
                                           	extern	_TXSTA
                                           	extern	_SPBRG
                                           	extern	_ANSEL
                                           	extern	_CMCON
                                           	extern	_CVRCON
                                           	extern	_ADRESL
                                           	extern	_ADCON1
                                           	extern	_WDTCON
                                           	extern	_EEDATA
                                           	extern	_EEADR
                                           	extern	_EEDATH
                                           	extern	_EEADRH
                                           	extern	_EECON1
                                           	extern	_EECON2
                                           	extern	__sdcc_gsinit_startup
                                           ;--------------------------------------------------------
                                           ; global declarations
                                           ;--------------------------------------------------------
                                           	global	_main
                                           
                                           	global PSAVE
                                           	global SSAVE
                                           	global WSAVE
                                           	global STK12
                                           	global STK11
                                           	global STK10
                                           	global STK09
                                           	global STK08
                                           	global STK07
                                           	global STK06
                                           	global STK05
                                           	global STK04
                                           	global STK03
                                           	global STK02
                                           	global STK01
                                           	global STK00
                                           
                                           sharebank udata_ovr 0x0070
                                           PSAVE	res 1
                                           SSAVE	res 1
                                           WSAVE	res 1
                                           STK12	res 1
                                           STK11	res 1
                                           STK10	res 1
                                           STK09	res 1
                                           STK08	res 1
                                           STK07	res 1
                                           STK06	res 1
                                           STK05	res 1
                                           STK04	res 1
                                           STK03	res 1
                                           STK02	res 1
                                           STK01	res 1
                                           STK00	res 1
                                           
                                           ;--------------------------------------------------------
                                           ; global definitions
                                           ;--------------------------------------------------------
                                           ;--------------------------------------------------------
                                           ; absolute symbol definitions
                                           ;--------------------------------------------------------
                                           ;--------------------------------------------------------
                                           ; compiler-defined variables
                                           ;--------------------------------------------------------
                                           ;--------------------------------------------------------
                                           ; initialized data
                                           ;--------------------------------------------------------
                                           ;--------------------------------------------------------
                                           ; overlayable items in internal ram 
                                           ;--------------------------------------------------------
                                           ;	udata_ovr
                                           ;--------------------------------------------------------
                                           ; reset vector 
                                           ;--------------------------------------------------------
                                           STARTUP	code 0x0000
000000   0000     nop                      	nop
000001   118a     bcf     0xa, 0x3         	pagesel __sdcc_gsinit_startup
000002   2803     goto    0x3              	goto	__sdcc_gsinit_startup
                                           ;--------------------------------------------------------
                                           ; code
                                           ;--------------------------------------------------------
                                           code_main	code
                                           ;***
                                           ;  pBlock Stats: dbName = M
                                           ;***
                                           ;entry:  _main	;Function start
                                           ; 2 exit points
                                           ;has an exit
                                           ;; Starting pCode block
                                           _main	;Function start
                                           ; 2 exit points
                                           ;	.line	15; "main.c"	INTCON = 0;	// no interrupts
0000d3   1283     bcf     0x3, 0x5         	BANKSEL	_INTCON
0000d4   1303     bcf     0x3, 0x6         
0000d5   018b     clrf    0xb              	CLRF	_INTCON
                                           ;	.line	16; "main.c"	TRISA = 0b00000000;
0000d6   1683     bsf     0x3, 0x5         	BANKSEL	_TRISA
0000d7   1303     bcf     0x3, 0x6         
0000d8   0185     clrf    0x5              	CLRF	_TRISA
                                           ;	.line	17; "main.c"	TRISB = 0b00000000;
0000d9   0186     clrf    0x6              	CLRF	_TRISB
                                           ;	.line	19; "main.c"	PORTA = 0xFF;
0000da   30ff     movlw   0xff             	MOVLW	0xff
0000db   1283     bcf     0x3, 0x5         	BANKSEL	_PORTA
0000dc   1303     bcf     0x3, 0x6         
0000dd   0085     movwf   0x5              	MOVWF	_PORTA
                                           ;	.line	20; "main.c"	PORTB = 0xFF;
0000de   30ff     movlw   0xff             	MOVLW	0xff
0000df   0086     movwf   0x6              	MOVWF	_PORTB
0000e0   0008     return                   	RETURN	
                                           ; exit point of _main
                                           
                                           
                                           ;	code size estimation:
                                           ;	    8+    3 =    11 instructions (   28 byte)
                                           
                                           	end
                                                   LIST
                                           
                                           ;==========================================================================
                                           ;  MPASM PIC16F877 processor include
                                           ; 
                                           ;  (c) Copyright 1999-2013 Microchip Technology, All rights reserved
                                           ;==========================================================================
                                           
                                                   NOLIST
                                                   LIST
                                           
                                           ;==========================================================================
                                           ;  MPASM PIC16F88 processor include
                                           ; 
                                           ;  (c) Copyright 1999-2013 Microchip Technology, All rights reserved
                                           ;==========================================================================
                                           
                                                   NOLIST
